<?xml version="1.0" encoding="UTF-8"?>
<coverage generated="1730740419640" clover="3.2.0">
  <project timestamp="1730740419640" name="All files">
    <metrics statements="9" coveredstatements="9" conditionals="7" coveredconditionals="5" methods="4" coveredmethods="4" elements="20" coveredelements="18" complexity="0" loc="9" ncloc="9" packages="2" files="2" classes="2"/>
    <package name="api">
      <metrics statements="7" coveredstatements="7" conditionals="2" coveredconditionals="2" methods="3" coveredmethods="3"/>
      <file name="characters-api.js" path="C:\Users\tfavre06\marvel-app\src\api\characters-api.js">
        <metrics statements="7" coveredstatements="7" conditionals="2" coveredconditionals="2" methods="3" coveredmethods="3"/>
        <line num="7" count="1" type="stmt"/>
        <line num="8" count="1" type="stmt"/>
        <line num="18" count="1" type="stmt"/>
        <line num="19" count="3" type="stmt"/>
        <line num="20" count="2" type="cond" truecount="2" falsecount="0"/>
        <line num="21" count="1" type="stmt"/>
        <line num="23" count="1" type="stmt"/>
      </file>
    </package>
    <package name="components">
      <metrics statements="2" coveredstatements="2" conditionals="5" coveredconditionals="3" methods="1" coveredmethods="1"/>
      <file name="NumberOfCharacters.jsx" path="C:\Users\tfavre06\marvel-app\src\components\NumberOfCharacters.jsx">
        <metrics statements="2" coveredstatements="2" conditionals="5" coveredconditionals="3" methods="1" coveredmethods="1"/>
        <line num="2" count="2" type="stmt"/>
        <line num="4" count="2" type="stmt"/>
      </file>
    </package>
  </project>
</coverage>
