{"C:\\Users\\tfavre06\\marvel-app\\src\\api\\characters-api.js": {"path":"C:\\Users\\tfavre06\\marvel-app\\src\\api\\characters-api.js","statementMap":{"0":{"start":{"line":7,"column":29},"end":{"line":9,"column":1}},"1":{"start":{"line":8,"column":4},"end":{"line":8,"column":22}},"2":{"start":{"line":18,"column":32},"end":{"line":24,"column":1}},"3":{"start":{"line":19,"column":22},"end":{"line":19,"column":71}},"4":{"start":{"line":19,"column":51},"end":{"line":19,"column":70}},"5":{"start":{"line":20,"column":4},"end":{"line":22,"column":5}},"6":{"start":{"line":21,"column":8},"end":{"line":21,"column":61}},"7":{"start":{"line":23,"column":4},"end":{"line":23,"column":21}}},"fnMap":{"0":{"name":"(anonymous_0)","decl":{"start":{"line":7,"column":29},"end":{"line":7,"column":30}},"loc":{"start":{"line":7,"column":35},"end":{"line":9,"column":1}},"line":7},"1":{"name":"(anonymous_1)","decl":{"start":{"line":18,"column":32},"end":{"line":18,"column":33}},"loc":{"start":{"line":18,"column":40},"end":{"line":24,"column":1}},"line":18},"2":{"name":"(anonymous_2)","decl":{"start":{"line":19,"column":38},"end":{"line":19,"column":39}},"loc":{"start":{"line":19,"column":51},"end":{"line":19,"column":70}},"line":19}},"branchMap":{"0":{"loc":{"start":{"line":20,"column":4},"end":{"line":22,"column":5}},"type":"if","locations":[{"start":{"line":20,"column":4},"end":{"line":22,"column":5}},{"start":{},"end":{}}],"line":20}},"s":{"0":1,"1":1,"2":1,"3":2,"4":3,"5":2,"6":1,"7":1},"f":{"0":1,"1":2,"2":3},"b":{"0":[1,1]},"_coverageSchema":"1a1c01bbd47fc00a2c39e90264f33305004495a9","hash":"cc43f1433609848f859444e9e375f3898d592796"}
,"C:\\Users\\tfavre06\\marvel-app\\src\\components\\NumberOfCharacters.jsx": {"path":"C:\\Users\\tfavre06\\marvel-app\\src\\components\\NumberOfCharacters.jsx","statementMap":{"0":{"start":{"line":2,"column":16},"end":{"line":2,"column":33}},"1":{"start":{"line":4,"column":2},"end":{"line":8,"column":4}}},"fnMap":{"0":{"name":"NumberOfCharacters","decl":{"start":{"line":1,"column":16},"end":{"line":1,"column":34}},"loc":{"start":{"line":1,"column":54},"end":{"line":9,"column":1}},"line":1}},"branchMap":{"0":{"loc":{"start":{"line":1,"column":37},"end":{"line":1,"column":51}},"type":"default-arg","locations":[{"start":{"line":1,"column":49},"end":{"line":1,"column":51}}],"line":1},"1":{"loc":{"start":{"line":6,"column":7},"end":{"line":6,"column":97}},"type":"cond-expr","locations":[{"start":{"line":6,"column":19},"end":{"line":6,"column":71}},{"start":{"line":6,"column":74},"end":{"line":6,"column":97}}],"line":6},"2":{"loc":{"start":{"line":6,"column":49},"end":{"line":6,"column":69}},"type":"cond-expr","locations":[{"start":{"line":6,"column":61},"end":{"line":6,"column":64}},{"start":{"line":6,"column":67},"end":{"line":6,"column":69}}],"line":6}},"s":{"0":2,"1":2},"f":{"0":2},"b":{"0":[0],"1":[1,1],"2":[1,0]},"_coverageSchema":"1a1c01bbd47fc00a2c39e90264f33305004495a9","hash":"eaa0d7ea844807c9ed2579a35a8808c9af188733"}
}
