TN:
SF:src\api\characters-api.js
FN:7,(anonymous_0)
FN:18,(anonymous_1)
FN:19,(anonymous_2)
FNF:3
FNH:3
FNDA:1,(anonymous_0)
FNDA:2,(anonymous_1)
FNDA:3,(anonymous_2)
DA:7,1
DA:8,1
DA:18,1
DA:19,3
DA:20,2
DA:21,1
DA:23,1
LF:7
LH:7
BRDA:20,0,0,1
BRDA:20,0,1,1
BRF:2
BRH:2
end_of_record
TN:
SF:src\components\NumberOfCharacters.jsx
FN:1,NumberOfCharacters
FNF:1
FNH:1
FNDA:2,NumberOfCharacters
DA:2,2
DA:4,2
LF:2
LH:2
BRDA:1,0,0,0
BRDA:6,1,0,1
BRDA:6,1,1,1
BRDA:6,2,0,1
BRDA:6,2,1,0
BRF:5
BRH:3
end_of_record
